

> @experts/powerplatform@0.1.0 build
> next build

[1G[0K  [1m[38;2;173;127;168m▲ Next.js 14.2.15[39m[22m

 [37m[1m [22m[39m Creating an optimized production build ...
Failed to compile.

../../components/Header.jsx
Module not found: Can't resolve '../../../../styles/header.module.css'

https://nextjs.org/docs/messages/module-not-found

../../components/Header.jsx
Module not found: Can't resolve '../../../../public/logo300x130.webp'

https://nextjs.org/docs/messages/module-not-found


> Build failed because of webpack errors
[1G[0K⠙[1G[0K[1mnpm[22m [31merror[39m Lifecycle script `build` failed with error:
[1G[0K⠙[1G[0K[1mnpm[22m [31merror[39m [94mcode[39m [33m1[39m
[1G[0K⠙[1G[0K[1mnpm[22m [31merror[39m [94mpath[39m /Users/danielthomas/Documents/code/experts-test/officeMono/domains/powerPlatform
[1G[0K⠙[1G[0K[1mnpm[22m [31merror[39m [94mworkspace[39m @experts/powerplatform@0.1.0
[1G[0K⠙[1G[0K[1mnpm[22m [31merror[39m [94mlocation[39m /Users/danielthomas/Documents/code/experts-test/officeMono/domains/powerPlatform
[1G[0K⠙[1G[0K[1mnpm[22m [31merror[39m command failed
[1G[0K⠙[1G[0K[1mnpm[22m [31merror[39m [94mcommand[39m sh -c next build
[1G[0K⠙[1G[0K
